Using pre-set license
Built from '2020.2/release' branch; Version is '2020.2.1f1 (270dd8c3da1c) revision 2559448'; Using compiler version '192528614'; Build Type 'Release'
OS: 'Windows 10  (10.0.0) 64bit' Language: 'en' Physical Memory: 8133 MB
BatchMode: 1, IsHumanControllingUs: 0, StartBugReporterOnCrash: 0, Is64bit: 1, IsPro: 0

 COMMAND LINE ARGUMENTS:
C:\Program Files\Unity\Hub\Editor\2020.2.1f1\Editor\Unity.exe
-adb2
-batchMode
-noUpm
-name
AssetImportWorker0
-projectPath
E:/SCHOOL/CircusBasketball_IB
-logFile
Logs/AssetImportWorker0.log
-srvPort
54726
Successfully changed project path to: E:/SCHOOL/CircusBasketball_IB
E:/SCHOOL/CircusBasketball_IB
Using Asset Import Pipeline V2.
Refreshing native plugins compatible for Editor in 425.85 ms, found 3 plugins.
Preloading 1 native plugins for Editor in 3.11 ms.
Initialize engine version: 2020.2.1f1 (270dd8c3da1c)
[Subsystems] Discovering subsystems at path C:/Program Files/Unity/Hub/Editor/2020.2.1f1/Editor/Data/Resources/UnitySubsystems
[Subsystems] Discovering subsystems at path E:/SCHOOL/CircusBasketball_IB/Assets
GfxDevice: creating device client; threaded=0
Direct3D:
    Version:  Direct3D 11.0 [level 11.1]
    Renderer: NVIDIA GeForce GTX 1650 SUPER (ID=0x2187)
    Vendor:   
    VRAM:     3955 MB
    Driver:   27.21.14.5671
Initialize mono
Mono path[0] = 'C:/Program Files/Unity/Hub/Editor/2020.2.1f1/Editor/Data/Managed'
Mono path[1] = 'C:/Program Files/Unity/Hub/Editor/2020.2.1f1/Editor/Data/MonoBleedingEdge/lib/mono/unityjit'
Mono config path = 'C:/Program Files/Unity/Hub/Editor/2020.2.1f1/Editor/Data/MonoBleedingEdge/etc'
Using monoOptions --debugger-agent=transport=dt_socket,embedding=1,server=y,suspend=n,address=127.0.0.1:56668
Begin MonoManager ReloadAssembly
Registering precompiled unity dll's ...
Register platform support module: C:/Program Files/Unity/Hub/Editor/2020.2.1f1/Editor/Data/PlaybackEngines/WindowsStandaloneSupport/UnityEditor.WindowsStandalone.Extensions.dll
Registered in 0.007875 seconds.
Native extension for WindowsStandalone target not found
Refreshing native plugins compatible for Editor in 32.38 ms, found 3 plugins.
Preloading 1 native plugins for Editor in 0.08 ms.
Invoked RoslynAnalysisRunner static constructor.
RoslynAnalysisRunner will not be running.
RoslynAnalysisRunner has terminated.
Mono: successfully reloaded assembly
- Completed reload, in  1.614 seconds
Platform modules already initialized, skipping
Registering precompiled user dll's ...
Registered in 0.008903 seconds.
Begin MonoManager ReloadAssembly
Native extension for WindowsStandalone target not found
Refreshing native plugins compatible for Editor in 30.22 ms, found 3 plugins.
Preloading 1 native plugins for Editor in 0.06 ms.
Invoked RoslynAnalysisRunner static constructor.
RoslynAnalysisRunner will not be running.
RoslynAnalysisRunner has terminated.
[XR] OculusXRPlugin: registering subsystems
[XR] Unable to register display lifecyle provider: [1]
[XR] Oculus Input lifecycle provider registered.
[XR] Unable to register input lifecyle provider: [1]
NullReferenceException: Object reference not set to an instance of an object
  at Unity.XR.Oculus.OculusLoader.AssetPathToAbsolutePath (System.String assetPath) [0x00048] in E:\SCHOOL\CircusBasketball_IB\Library\PackageCache\com.unity.xr.oculus@1.6.1\Runtime\OculusLoader.cs:242 
  at Unity.XR.Oculus.OculusLoader.EditorLoadOVRPlugin () [0x0007b] in E:\SCHOOL\CircusBasketball_IB\Library\PackageCache\com.unity.xr.oculus@1.6.1\Runtime\OculusLoader.cs:227 

(Filename: Library/PackageCache/com.unity.xr.oculus@1.6.1/Runtime/OculusLoader.cs Line: 242)

Mono: successfully reloaded assembly
- Completed reload, in  2.175 seconds
Platform modules already initialized, skipping
========================================================================
Worker process is ready to serve import requests
Launched and connected shader compiler UnityShaderCompiler.exe after 0.07 seconds
Refreshing native plugins compatible for Editor in 0.33 ms, found 3 plugins.
Preloading 1 native plugins for Editor in 0.06 ms.
Unloading 1610 Unused Serialized files (Serialized files now loaded: 0)
System memory in use before: 73.9 MB.
System memory in use after: 73.9 MB.

Unloading 14 unused Assets to reduce memory usage. Loaded Objects now: 2057.
Total: 1.975500 ms (FindLiveObjects: 0.170200 ms CreateObjectMapping: 0.074400 ms MarkObjects: 1.673800 ms  DeleteObjects: 0.056100 ms)

========================================================================
Received Import Request.
  path: Assets/XRIB/XRGeneralSettings.asset
  artifactKey: Guid(e9a588e34842a554f9e0bae45c3613d8) Importer(815301076,1909f56bfc062723c751e8b465ee728b)
Start importing Assets/XRIB/XRGeneralSettings.asset using Guid(e9a588e34842a554f9e0bae45c3613d8) Importer(815301076,1909f56bfc062723c751e8b465ee728b)  -> (artifact id: '9c4a2aefa3042d54ab6c2f7b14ec97ea') in 0.083445 seconds
  Import took 0.098610 seconds .

========================================================================
Received Import Request.
  Time since last request: 0.000625 seconds.
  path: Assets/ScenesIB/CarnivalPalooza_IB.unity
  artifactKey: Guid(76573c59ac242ca42b2e0ad3d3b5ec77) Importer(815301076,1909f56bfc062723c751e8b465ee728b)
Start importing Assets/ScenesIB/CarnivalPalooza_IB.unity using Guid(76573c59ac242ca42b2e0ad3d3b5ec77) Importer(815301076,1909f56bfc062723c751e8b465ee728b)  -> (artifact id: '02e144b2f4db4020601b6b4070076e89') in 0.021677 seconds
  Import took 0.027963 seconds .

========================================================================
Received Import Request.
  Time since last request: 217.675676 seconds.
  path: Assets/MaterialsIB/FloorIB.mat
  artifactKey: Guid(18921b2ce4cbb574b94195b683ad1c2d) Importer(815301076,1909f56bfc062723c751e8b465ee728b)
Start importing Assets/MaterialsIB/FloorIB.mat using Guid(18921b2ce4cbb574b94195b683ad1c2d) Importer(815301076,1909f56bfc062723c751e8b465ee728b)  -> (artifact id: '7a59b82127e9211115d47cc152f361d3') in 0.152695 seconds
  Import took 0.159963 seconds .

========================================================================
Received Import Request.
  Time since last request: 0.644869 seconds.
  path: Assets/MaterialsIB/BasketballBouceIB.physicMaterial
  artifactKey: Guid(217a7d25f2f49444181303066ad6fbfd) Importer(815301076,1909f56bfc062723c751e8b465ee728b)
Start importing Assets/MaterialsIB/BasketballBouceIB.physicMaterial using Guid(217a7d25f2f49444181303066ad6fbfd) Importer(815301076,1909f56bfc062723c751e8b465ee728b)  -> (artifact id: 'e64e4744b5c2911ae4a9ac787956a41d') in 0.023867 seconds
  Import took 0.030677 seconds .

========================================================================
Received Import Request.
  Time since last request: 0.250531 seconds.
  path: Assets/ScriptsIB/TimerScriptIB.cs
  artifactKey: Guid(325357d96c516584b8a4e485545df42e) Importer(815301076,1909f56bfc062723c751e8b465ee728b)
Start importing Assets/ScriptsIB/TimerScriptIB.cs using Guid(325357d96c516584b8a4e485545df42e) Importer(815301076,1909f56bfc062723c751e8b465ee728b)  -> (artifact id: '1dabc7292838acd0d2ae666a5af155f1') in 0.030852 seconds
  Import took 0.038374 seconds .

========================================================================
Received Import Request.
  Time since last request: 0.056629 seconds.
  path: Assets/MaterialsIB/WallsIB.mat
  artifactKey: Guid(db780f8e8c70ea042a4f7567669b3254) Importer(815301076,1909f56bfc062723c751e8b465ee728b)
Start importing Assets/MaterialsIB/WallsIB.mat using Guid(db780f8e8c70ea042a4f7567669b3254) Importer(815301076,1909f56bfc062723c751e8b465ee728b)  -> (artifact id: '6fe62c10c6999ea3ef2b84e6ca879d9a') in 0.045722 seconds
  Import took 0.052986 seconds .

